# JRE version: OpenJDK Runtime Environment (8.0_152-b01) (build 1.8.0_152-release-1343-b01)
# Java VM: OpenJDK 64-Bit Server VM (25.152-b01 mixed mode windows-amd64 compressed oops)
Heap:
 PSYoungGen      total 104960K, used 30300K [0x00000000d5580000, 0x00000000dcb80000, 0x0000000100000000)
  eden space 93696K, 32% used [0x00000000d5580000,0x00000000d73171d8,0x00000000db100000)
  from space 11264K, 0% used [0x00000000dbd80000,0x00000000dbd80000,0x00000000dc880000)
  to   space 12800K, 0% used [0x00000000db100000,0x00000000db100000,0x00000000dbd80000)
 ParOldGen       total 97280K, used 18315K [0x0000000080000000, 0x0000000085f00000, 0x00000000d5580000)
  object space 97280K, 18% used [0x0000000080000000,0x00000000811e2cf8,0x0000000085f00000)
 Metaspace       used 39602K, capacity 40510K, committed 40744K, reserved 1085440K
  class space    used 5408K, capacity 5661K, committed 5672K, reserved 1048576K
GC Heap History (10 events):
Event: 3.786 GC heap before
{Heap before GC invocations=6 (full 1):
 PSYoungGen      total 71680K, used 5088K [0x00000000d5580000, 0x00000000da080000, 0x0000000100000000)
  eden space 66560K, 0% used [0x00000000d5580000,0x00000000d5580000,0x00000000d9680000)
  from space 5120K, 99% used [0x00000000d9680000,0x00000000d9b78030,0x00000000d9b80000)
  to   space 5120K, 0% used [0x00000000d9b80000,0x00000000d9b80000,0x00000000da080000)
 ParOldGen       total 87552K, used 10490K [0x0000000080000000, 0x0000000085580000, 0x00000000d5580000)
  object space 87552K, 11% used [0x0000000080000000,0x0000000080a3e9d8,0x0000000085580000)
 Metaspace       used 20662K, capacity 21126K, committed 21296K, reserved 1067008K
  class space    used 2903K, capacity 3091K, committed 3200K, reserved 1048576K
Event: 3.836 GC heap after
Heap after GC invocations=6 (full 1):
 PSYoungGen      total 71680K, used 0K [0x00000000d5580000, 0x00000000da080000, 0x0000000100000000)
  eden space 66560K, 0% used [0x00000000d5580000,0x00000000d5580000,0x00000000d9680000)
  from space 5120K, 0% used [0x00000000d9680000,0x00000000d9680000,0x00000000d9b80000)
  to   space 5120K, 0% used [0x00000000d9b80000,0x00000000d9b80000,0x00000000da080000)
 ParOldGen       total 62976K, used 10299K [0x0000000080000000, 0x0000000083d80000, 0x00000000d5580000)
  object space 62976K, 16% used [0x0000000080000000,0x0000000080a0eda8,0x0000000083d80000)
 Metaspace       used 20662K, capacity 21126K, committed 21296K, reserved 1067008K
  class space    used 2903K, capacity 3091K, committed 3200K, reserved 1048576K
}
Event: 4.739 GC heap before
{Heap before GC invocations=7 (full 1):
 PSYoungGen      total 71680K, used 66560K [0x00000000d5580000, 0x00000000da080000, 0x0000000100000000)
  eden space 66560K, 100% used [0x00000000d5580000,0x00000000d9680000,0x00000000d9680000)
  from space 5120K, 0% used [0x00000000d9680000,0x00000000d9680000,0x00000000d9b80000)
  to   space 5120K, 0% used [0x00000000d9b80000,0x00000000d9b80000,0x00000000da080000)
 ParOldGen       total 62976K, used 10299K [0x0000000080000000, 0x0000000083d80000, 0x00000000d5580000)
  object space 62976K, 16% used [0x0000000080000000,0x0000000080a0eda8,0x0000000083d80000)
 Metaspace       used 28878K, capacity 29408K, committed 29696K, reserved 1075200K
  class space    used 3881K, capacity 4072K, committed 4096K, reserved 1048576K
Event: 4.751 GC heap after
Heap after GC invocations=7 (full 1):
 PSYoungGen      total 65024K, used 5109K [0x00000000d5580000, 0x00000000dd380000, 0x0000000100000000)
  eden space 59904K, 0% used [0x00000000d5580000,0x00000000d5580000,0x00000000d9000000)
  from space 5120K, 99% used [0x00000000d9b80000,0x00000000da07d7a0,0x00000000da080000)
  to   space 11776K, 0% used [0x00000000d9000000,0x00000000d9000000,0x00000000d9b80000)
 ParOldGen       total 62976K, used 13203K [0x0000000080000000, 0x0000000083d80000, 0x00000000d5580000)
  object space 62976K, 20% used [0x0000000080000000,0x0000000080ce4f98,0x0000000083d80000)
 Metaspace       used 28878K, capacity 29408K, committed 29696K, reserved 1075200K
  class space    used 3881K, capacity 4072K, committed 4096K, reserved 1048576K
}
Event: 5.442 GC heap before
{Heap before GC invocations=8 (full 1):
 PSYoungGen      total 65024K, used 65013K [0x00000000d5580000, 0x00000000dd380000, 0x0000000100000000)
  eden space 59904K, 100% used [0x00000000d5580000,0x00000000d9000000,0x00000000d9000000)
  from space 5120K, 99% used [0x00000000d9b80000,0x00000000da07d7a0,0x00000000da080000)
  to   space 11776K, 0% used [0x00000000d9000000,0x00000000d9000000,0x00000000d9b80000)
 ParOldGen       total 62976K, used 13203K [0x0000000080000000, 0x0000000083d80000, 0x00000000d5580000)
  object space 62976K, 20% used [0x0000000080000000,0x0000000080ce4f98,0x0000000083d80000)
 Metaspace       used 31574K, capacity 32124K, committed 32256K, reserved 1077248K
  class space    used 4356K, capacity 4526K, committed 4608K, reserved 1048576K
Event: 5.457 GC heap after
Heap after GC invocations=8 (full 1):
 PSYoungGen      total 71680K, used 7979K [0x00000000d5580000, 0x00000000dc880000, 0x0000000100000000)
  eden space 59904K, 0% used [0x00000000d5580000,0x00000000d5580000,0x00000000d9000000)
  from space 11776K, 67% used [0x00000000d9000000,0x00000000d97cae40,0x00000000d9b80000)
  to   space 11264K, 0% used [0x00000000dbd80000,0x00000000dbd80000,0x00000000dc880000)
 ParOldGen       total 62976K, used 13211K [0x0000000080000000, 0x0000000083d80000, 0x00000000d5580000)
  object space 62976K, 20% used [0x0000000080000000,0x0000000080ce6f98,0x0000000083d80000)
 Metaspace       used 31574K, capacity 32124K, committed 32256K, reserved 1077248K
  class space    used 4356K, capacity 4526K, committed 4608K, reserved 1048576K
}
Event: 6.617 GC heap before
{Heap before GC invocations=9 (full 1):
 PSYoungGen      total 71680K, used 63612K [0x00000000d5580000, 0x00000000dc880000, 0x0000000100000000)
  eden space 59904K, 92% used [0x00000000d5580000,0x00000000d8bd4260,0x00000000d9000000)
  from space 11776K, 67% used [0x00000000d9000000,0x00000000d97cae40,0x00000000d9b80000)
  to   space 11264K, 0% used [0x00000000dbd80000,0x00000000dbd80000,0x00000000dc880000)
 ParOldGen       total 62976K, used 13211K [0x0000000080000000, 0x0000000083d80000, 0x00000000d5580000)
  object space 62976K, 20% used [0x0000000080000000,0x0000000080ce6f98,0x0000000083d80000)
 Metaspace       used 34801K, capacity 35436K, committed 35496K, reserved 1079296K
  class space    used 4805K, capacity 4997K, committed 5032K, reserved 1048576K
Event: 6.638 GC heap after
Heap after GC invocations=9 (full 1):
 PSYoungGen      total 104960K, used 11237K [0x00000000d5580000, 0x00000000dcb80000, 0x0000000100000000)
  eden space 93696K, 0% used [0x00000000d5580000,0x00000000d5580000,0x00000000db100000)
  from space 11264K, 99% used [0x00000000dbd80000,0x00000000dc8796c8,0x00000000dc880000)
  to   space 12800K, 0% used [0x00000000db100000,0x00000000db100000,0x00000000dbd80000)
 ParOldGen       total 62976K, used 13403K [0x0000000080000000, 0x0000000083d80000, 0x00000000d5580000)
  object space 62976K, 21% used [0x0000000080000000,0x0000000080d16cf8,0x0000000083d80000)
 Metaspace       used 34801K, capacity 35436K, committed 35496K, reserved 1079296K
  class space    used 4805K, capacity 4997K, committed 5032K, reserved 1048576K
}
Event: 6.638 GC heap before
{Heap before GC invocations=10 (full 2):
 PSYoungGen      total 104960K, used 11237K [0x00000000d5580000, 0x00000000dcb80000, 0x0000000100000000)
  eden space 93696K, 0% used [0x00000000d5580000,0x00000000d5580000,0x00000000db100000)
  from space 11264K, 99% used [0x00000000dbd80000,0x00000000dc8796c8,0x00000000dc880000)
  to   space 12800K, 0% used [0x00000000db100000,0x00000000db100000,0x00000000dbd80000)
 ParOldGen       total 62976K, used 13403K [0x0000000080000000, 0x0000000083d80000, 0x00000000d5580000)
  object space 62976K, 21% used [0x0000000080000000,0x0000000080d16cf8,0x0000000083d80000)
 Metaspace       used 34801K, capacity 35436K, committed 35496K, reserved 1079296K
  class space    used 4805K, capacity 4997K, committed 5032K, reserved 1048576K
Event: 6.742 GC heap after
Heap after GC invocations=10 (full 2):
 PSYoungGen      total 104960K, used 0K [0x00000000d5580000, 0x00000000dcb80000, 0x0000000100000000)
  eden space 93696K, 0% used [0x00000000d5580000,0x00000000d5580000,0x00000000db100000)
  from space 11264K, 0% used [0x00000000dbd80000,0x00000000dbd80000,0x00000000dc880000)
  to   space 12800K, 0% used [0x00000000db100000,0x00000000db100000,0x00000000dbd80000)
 ParOldGen       total 97280K, used 18315K [0x0000000080000000, 0x0000000085f00000, 0x00000000d5580000)
  object space 97280K, 18% used [0x0000000080000000,0x00000000811e2cf8,0x0000000085f00000)
 Metaspace       used 34799K, capacity 35430K, committed 35496K, reserved 1079296K
  class space    used 4805K, capacity 4996K, committed 5032K, reserved 1048576K
}

