# JRE version: OpenJDK Runtime Environment (8.0_152-b01) (build 1.8.0_152-release-1343-b01)
# Java VM: OpenJDK 64-Bit Server VM (25.152-b01 mixed mode windows-amd64 compressed oops)
Heap:
 PSYoungGen      total 107520K, used 30409K [0x00000000d5580000, 0x00000000dcc00000, 0x0000000100000000)
  eden space 94720K, 18% used [0x00000000d5580000,0x00000000d66b35b0,0x00000000db200000)
  from space 12800K, 99% used [0x00000000db200000,0x00000000dbe7f160,0x00000000dbe80000)
  to   space 11264K, 0% used [0x00000000dbe80000,0x00000000dbe80000,0x00000000dc980000)
 ParOldGen       total 62464K, used 18787K [0x0000000080000000, 0x0000000083d00000, 0x00000000d5580000)
  object space 62464K, 30% used [0x0000000080000000,0x0000000081258db0,0x0000000083d00000)
 Metaspace       used 45188K, capacity 46194K, committed 46376K, reserved 1089536K
  class space    used 6104K, capacity 6382K, committed 6440K, reserved 1048576K
GC Heap History (10 events):
Event: 4.686 GC heap before
{Heap before GC invocations=7 (full 1):
 PSYoungGen      total 71680K, used 66560K [0x00000000d5580000, 0x00000000da080000, 0x0000000100000000)
  eden space 66560K, 100% used [0x00000000d5580000,0x00000000d9680000,0x00000000d9680000)
  from space 5120K, 0% used [0x00000000d9680000,0x00000000d9680000,0x00000000d9b80000)
  to   space 5120K, 0% used [0x00000000d9b80000,0x00000000d9b80000,0x00000000da080000)
 ParOldGen       total 62464K, used 10347K [0x0000000080000000, 0x0000000083d00000, 0x00000000d5580000)
  object space 62464K, 16% used [0x0000000080000000,0x0000000080a1af98,0x0000000083d00000)
 Metaspace       used 28791K, capacity 29242K, committed 29440K, reserved 1075200K
  class space    used 3872K, capacity 4038K, committed 4096K, reserved 1048576K
Event: 4.699 GC heap after
Heap after GC invocations=7 (full 1):
 PSYoungGen      total 65024K, used 5109K [0x00000000d5580000, 0x00000000dd480000, 0x0000000100000000)
  eden space 59904K, 0% used [0x00000000d5580000,0x00000000d5580000,0x00000000d9000000)
  from space 5120K, 99% used [0x00000000d9b80000,0x00000000da07d6a8,0x00000000da080000)
  to   space 11776K, 0% used [0x00000000d9000000,0x00000000d9000000,0x00000000d9b80000)
 ParOldGen       total 62464K, used 13131K [0x0000000080000000, 0x0000000083d00000, 0x00000000d5580000)
  object space 62464K, 21% used [0x0000000080000000,0x0000000080cd2ec8,0x0000000083d00000)
 Metaspace       used 28791K, capacity 29242K, committed 29440K, reserved 1075200K
  class space    used 3872K, capacity 4038K, committed 4096K, reserved 1048576K
}
Event: 5.499 GC heap before
{Heap before GC invocations=8 (full 1):
 PSYoungGen      total 65024K, used 65013K [0x00000000d5580000, 0x00000000dd480000, 0x0000000100000000)
  eden space 59904K, 100% used [0x00000000d5580000,0x00000000d9000000,0x00000000d9000000)
  from space 5120K, 99% used [0x00000000d9b80000,0x00000000da07d6a8,0x00000000da080000)
  to   space 11776K, 0% used [0x00000000d9000000,0x00000000d9000000,0x00000000d9b80000)
 ParOldGen       total 62464K, used 13131K [0x0000000080000000, 0x0000000083d00000, 0x00000000d5580000)
  object space 62464K, 21% used [0x0000000080000000,0x0000000080cd2ec8,0x0000000083d00000)
 Metaspace       used 31541K, capacity 32124K, committed 32256K, reserved 1077248K
  class space    used 4352K, capacity 4526K, committed 4608K, reserved 1048576K
Event: 5.515 GC heap after
Heap after GC invocations=8 (full 1):
 PSYoungGen      total 71680K, used 7958K [0x00000000d5580000, 0x00000000dc980000, 0x0000000100000000)
  eden space 59904K, 0% used [0x00000000d5580000,0x00000000d5580000,0x00000000d9000000)
  from space 11776K, 67% used [0x00000000d9000000,0x00000000d97c5a08,0x00000000d9b80000)
  to   space 11264K, 0% used [0x00000000dbe80000,0x00000000dbe80000,0x00000000dc980000)
 ParOldGen       total 62464K, used 13139K [0x0000000080000000, 0x0000000083d00000, 0x00000000d5580000)
  object space 62464K, 21% used [0x0000000080000000,0x0000000080cd4ec8,0x0000000083d00000)
 Metaspace       used 31541K, capacity 32124K, committed 32256K, reserved 1077248K
  class space    used 4352K, capacity 4526K, committed 4608K, reserved 1048576K
}
Event: 6.569 GC heap before
{Heap before GC invocations=9 (full 1):
 PSYoungGen      total 71680K, used 63869K [0x00000000d5580000, 0x00000000dc980000, 0x0000000100000000)
  eden space 59904K, 93% used [0x00000000d5580000,0x00000000d8c19af0,0x00000000d9000000)
  from space 11776K, 67% used [0x00000000d9000000,0x00000000d97c5a08,0x00000000d9b80000)
  to   space 11264K, 0% used [0x00000000dbe80000,0x00000000dbe80000,0x00000000dc980000)
 ParOldGen       total 62464K, used 13139K [0x0000000080000000, 0x0000000083d00000, 0x00000000d5580000)
  object space 62464K, 21% used [0x0000000080000000,0x0000000080cd4ec8,0x0000000083d00000)
 Metaspace       used 34782K, capacity 35460K, committed 35496K, reserved 1079296K
  class space    used 4807K, capacity 5001K, committed 5032K, reserved 1048576K
Event: 6.588 GC heap after
Heap after GC invocations=9 (full 1):
 PSYoungGen      total 105984K, used 11235K [0x00000000d5580000, 0x00000000dcc00000, 0x0000000100000000)
  eden space 94720K, 0% used [0x00000000d5580000,0x00000000d5580000,0x00000000db200000)
  from space 11264K, 99% used [0x00000000dbe80000,0x00000000dc978d88,0x00000000dc980000)
  to   space 12800K, 0% used [0x00000000db200000,0x00000000db200000,0x00000000dbe80000)
 ParOldGen       total 62464K, used 13367K [0x0000000080000000, 0x0000000083d00000, 0x00000000d5580000)
  object space 62464K, 21% used [0x0000000080000000,0x0000000080d0def0,0x0000000083d00000)
 Metaspace       used 34782K, capacity 35460K, committed 35496K, reserved 1079296K
  class space    used 4807K, capacity 5001K, committed 5032K, reserved 1048576K
}
Event: 6.588 GC heap before
{Heap before GC invocations=10 (full 2):
 PSYoungGen      total 105984K, used 11235K [0x00000000d5580000, 0x00000000dcc00000, 0x0000000100000000)
  eden space 94720K, 0% used [0x00000000d5580000,0x00000000d5580000,0x00000000db200000)
  from space 11264K, 99% used [0x00000000dbe80000,0x00000000dc978d88,0x00000000dc980000)
  to   space 12800K, 0% used [0x00000000db200000,0x00000000db200000,0x00000000dbe80000)
 ParOldGen       total 62464K, used 13367K [0x0000000080000000, 0x0000000083d00000, 0x00000000d5580000)
  object space 62464K, 21% used [0x0000000080000000,0x0000000080d0def0,0x0000000083d00000)
 Metaspace       used 34782K, capacity 35460K, committed 35496K, reserved 1079296K
  class space    used 4807K, capacity 5001K, committed 5032K, reserved 1048576K
Event: 6.690 GC heap after
Heap after GC invocations=10 (full 2):
 PSYoungGen      total 105984K, used 0K [0x00000000d5580000, 0x00000000dcc00000, 0x0000000100000000)
  eden space 94720K, 0% used [0x00000000d5580000,0x00000000d5580000,0x00000000db200000)
  from space 11264K, 0% used [0x00000000dbe80000,0x00000000dbe80000,0x00000000dc980000)
  to   space 12800K, 0% used [0x00000000db200000,0x00000000db200000,0x00000000dbe80000)
 ParOldGen       total 62464K, used 18339K [0x0000000080000000, 0x0000000083d00000, 0x00000000d5580000)
  object space 62464K, 29% used [0x0000000080000000,0x00000000811e8e90,0x0000000083d00000)
 Metaspace       used 34774K, capacity 35430K, committed 35496K, reserved 1079296K
  class space    used 4804K, capacity 4996K, committed 5032K, reserved 1048576K
}
Event: 8.211 GC heap before
{Heap before GC invocations=11 (full 2):
 PSYoungGen      total 105984K, used 94720K [0x00000000d5580000, 0x00000000dcc00000, 0x0000000100000000)
  eden space 94720K, 100% used [0x00000000d5580000,0x00000000db200000,0x00000000db200000)
  from space 11264K, 0% used [0x00000000dbe80000,0x00000000dbe80000,0x00000000dc980000)
  to   space 12800K, 0% used [0x00000000db200000,0x00000000db200000,0x00000000dbe80000)
 ParOldGen       total 62464K, used 18339K [0x0000000080000000, 0x0000000083d00000, 0x00000000d5580000)
  object space 62464K, 29% used [0x0000000080000000,0x00000000811e8e90,0x0000000083d00000)
 Metaspace       used 44267K, capacity 45284K, committed 45480K, reserved 1089536K
  class space    used 5962K, capacity 6212K, committed 6312K, reserved 1048576K
Event: 8.234 GC heap after
Heap after GC invocations=11 (full 2):
 PSYoungGen      total 107520K, used 12796K [0x00000000d5580000, 0x00000000dcc00000, 0x0000000100000000)
  eden space 94720K, 0% used [0x00000000d5580000,0x00000000d5580000,0x00000000db200000)
  from space 12800K, 99% used [0x00000000db200000,0x00000000dbe7f160,0x00000000dbe80000)
  to   space 11264K, 0% used [0x00000000dbe80000,0x00000000dbe80000,0x00000000dc980000)
 ParOldGen       total 62464K, used 18787K [0x0000000080000000, 0x0000000083d00000, 0x00000000d5580000)
  object space 62464K, 30% used [0x0000000080000000,0x0000000081258db0,0x0000000083d00000)
 Metaspace       used 44267K, capacity 45284K, committed 45480K, reserved 1089536K
  class space    used 5962K, capacity 6212K, committed 6312K, reserved 1048576K
}

