# JRE version: OpenJDK Runtime Environment (8.0_152-b01) (build 1.8.0_152-release-1343-b01)
# Java VM: OpenJDK 64-Bit Server VM (25.152-b01 mixed mode windows-amd64 compressed oops)
Heap:
 PSYoungGen      total 107008K, used 28597K [0x00000000d5580000, 0x00000000dcb80000, 0x0000000100000000)
  eden space 94208K, 16% used [0x00000000d5580000,0x00000000d64f3828,0x00000000db180000)
  from space 12800K, 99% used [0x00000000db180000,0x00000000dbdf9db8,0x00000000dbe00000)
  to   space 11264K, 0% used [0x00000000dbe00000,0x00000000dbe00000,0x00000000dc900000)
 ParOldGen       total 61952K, used 18861K [0x0000000080000000, 0x0000000083c80000, 0x00000000d5580000)
  object space 61952K, 30% used [0x0000000080000000,0x000000008126b6f0,0x0000000083c80000)
 Metaspace       used 45156K, capacity 46194K, committed 46376K, reserved 1089536K
  class space    used 6107K, capacity 6382K, committed 6440K, reserved 1048576K
GC Heap History (10 events):
Event: 5.010 GC heap before
{Heap before GC invocations=7 (full 1):
 PSYoungGen      total 71680K, used 66560K [0x00000000d5580000, 0x00000000da080000, 0x0000000100000000)
  eden space 66560K, 100% used [0x00000000d5580000,0x00000000d9680000,0x00000000d9680000)
  from space 5120K, 0% used [0x00000000d9680000,0x00000000d9680000,0x00000000d9b80000)
  to   space 5120K, 0% used [0x00000000d9b80000,0x00000000d9b80000,0x00000000da080000)
 ParOldGen       total 61952K, used 10291K [0x0000000080000000, 0x0000000083c80000, 0x00000000d5580000)
  object space 61952K, 16% used [0x0000000080000000,0x0000000080a0ccc8,0x0000000083c80000)
 Metaspace       used 28787K, capacity 29306K, committed 29440K, reserved 1075200K
  class space    used 3875K, capacity 4038K, committed 4096K, reserved 1048576K
Event: 5.022 GC heap after
Heap after GC invocations=7 (full 1):
 PSYoungGen      total 65024K, used 5113K [0x00000000d5580000, 0x00000000dd480000, 0x0000000100000000)
  eden space 59904K, 0% used [0x00000000d5580000,0x00000000d5580000,0x00000000d9000000)
  from space 5120K, 99% used [0x00000000d9b80000,0x00000000da07e6c8,0x00000000da080000)
  to   space 11776K, 0% used [0x00000000d9000000,0x00000000d9000000,0x00000000d9b80000)
 ParOldGen       total 61952K, used 13159K [0x0000000080000000, 0x0000000083c80000, 0x00000000d5580000)
  object space 61952K, 21% used [0x0000000080000000,0x0000000080cd9d90,0x0000000083c80000)
 Metaspace       used 28787K, capacity 29306K, committed 29440K, reserved 1075200K
  class space    used 3875K, capacity 4038K, committed 4096K, reserved 1048576K
}
Event: 5.800 GC heap before
{Heap before GC invocations=8 (full 1):
 PSYoungGen      total 65024K, used 65017K [0x00000000d5580000, 0x00000000dd480000, 0x0000000100000000)
  eden space 59904K, 100% used [0x00000000d5580000,0x00000000d9000000,0x00000000d9000000)
  from space 5120K, 99% used [0x00000000d9b80000,0x00000000da07e6c8,0x00000000da080000)
  to   space 11776K, 0% used [0x00000000d9000000,0x00000000d9000000,0x00000000d9b80000)
 ParOldGen       total 61952K, used 13159K [0x0000000080000000, 0x0000000083c80000, 0x00000000d5580000)
  object space 61952K, 21% used [0x0000000080000000,0x0000000080cd9d90,0x0000000083c80000)
 Metaspace       used 31562K, capacity 32124K, committed 32256K, reserved 1077248K
  class space    used 4356K, capacity 4526K, committed 4608K, reserved 1048576K
Event: 5.813 GC heap after
Heap after GC invocations=8 (full 1):
 PSYoungGen      total 71680K, used 7993K [0x00000000d5580000, 0x00000000dc900000, 0x0000000100000000)
  eden space 59904K, 0% used [0x00000000d5580000,0x00000000d5580000,0x00000000d9000000)
  from space 11776K, 67% used [0x00000000d9000000,0x00000000d97ce6d8,0x00000000d9b80000)
  to   space 11264K, 0% used [0x00000000dbe00000,0x00000000dbe00000,0x00000000dc900000)
 ParOldGen       total 61952K, used 13167K [0x0000000080000000, 0x0000000083c80000, 0x00000000d5580000)
  object space 61952K, 21% used [0x0000000080000000,0x0000000080cdbd90,0x0000000083c80000)
 Metaspace       used 31562K, capacity 32124K, committed 32256K, reserved 1077248K
  class space    used 4356K, capacity 4526K, committed 4608K, reserved 1048576K
}
Event: 7.271 GC heap before
{Heap before GC invocations=9 (full 1):
 PSYoungGen      total 71680K, used 64622K [0x00000000d5580000, 0x00000000dc900000, 0x0000000100000000)
  eden space 59904K, 94% used [0x00000000d5580000,0x00000000d8ccd4b0,0x00000000d9000000)
  from space 11776K, 67% used [0x00000000d9000000,0x00000000d97ce6d8,0x00000000d9b80000)
  to   space 11264K, 0% used [0x00000000dbe00000,0x00000000dbe00000,0x00000000dc900000)
 ParOldGen       total 61952K, used 13167K [0x0000000080000000, 0x0000000083c80000, 0x00000000d5580000)
  object space 61952K, 21% used [0x0000000080000000,0x0000000080cdbd90,0x0000000083c80000)
 Metaspace       used 34799K, capacity 35428K, committed 35496K, reserved 1079296K
  class space    used 4812K, capacity 4995K, committed 5032K, reserved 1048576K
Event: 7.296 GC heap after
Heap after GC invocations=9 (full 1):
 PSYoungGen      total 105472K, used 11262K [0x00000000d5580000, 0x00000000dcb80000, 0x0000000100000000)
  eden space 94208K, 0% used [0x00000000d5580000,0x00000000d5580000,0x00000000db180000)
  from space 11264K, 99% used [0x00000000dbe00000,0x00000000dc8ff888,0x00000000dc900000)
  to   space 12800K, 0% used [0x00000000db180000,0x00000000db180000,0x00000000dbe00000)
 ParOldGen       total 61952K, used 13379K [0x0000000080000000, 0x0000000083c80000, 0x00000000d5580000)
  object space 61952K, 21% used [0x0000000080000000,0x0000000080d10ed8,0x0000000083c80000)
 Metaspace       used 34799K, capacity 35428K, committed 35496K, reserved 1079296K
  class space    used 4812K, capacity 4995K, committed 5032K, reserved 1048576K
}
Event: 7.296 GC heap before
{Heap before GC invocations=10 (full 2):
 PSYoungGen      total 105472K, used 11262K [0x00000000d5580000, 0x00000000dcb80000, 0x0000000100000000)
  eden space 94208K, 0% used [0x00000000d5580000,0x00000000d5580000,0x00000000db180000)
  from space 11264K, 99% used [0x00000000dbe00000,0x00000000dc8ff888,0x00000000dc900000)
  to   space 12800K, 0% used [0x00000000db180000,0x00000000db180000,0x00000000dbe00000)
 ParOldGen       total 61952K, used 13379K [0x0000000080000000, 0x0000000083c80000, 0x00000000d5580000)
  object space 61952K, 21% used [0x0000000080000000,0x0000000080d10ed8,0x0000000083c80000)
 Metaspace       used 34799K, capacity 35428K, committed 35496K, reserved 1079296K
  class space    used 4812K, capacity 4995K, committed 5032K, reserved 1048576K
Event: 7.403 GC heap after
Heap after GC invocations=10 (full 2):
 PSYoungGen      total 105472K, used 0K [0x00000000d5580000, 0x00000000dcb80000, 0x0000000100000000)
  eden space 94208K, 0% used [0x00000000d5580000,0x00000000d5580000,0x00000000db180000)
  from space 11264K, 0% used [0x00000000dbe00000,0x00000000dbe00000,0x00000000dc900000)
  to   space 12800K, 0% used [0x00000000db180000,0x00000000db180000,0x00000000dbe00000)
 ParOldGen       total 61952K, used 18362K [0x0000000080000000, 0x0000000083c80000, 0x00000000d5580000)
  object space 61952K, 29% used [0x0000000080000000,0x00000000811eea50,0x0000000083c80000)
 Metaspace       used 34799K, capacity 35428K, committed 35496K, reserved 1079296K
  class space    used 4812K, capacity 4995K, committed 5032K, reserved 1048576K
}
Event: 9.037 GC heap before
{Heap before GC invocations=11 (full 2):
 PSYoungGen      total 105472K, used 94208K [0x00000000d5580000, 0x00000000dcb80000, 0x0000000100000000)
  eden space 94208K, 100% used [0x00000000d5580000,0x00000000db180000,0x00000000db180000)
  from space 11264K, 0% used [0x00000000dbe00000,0x00000000dbe00000,0x00000000dc900000)
  to   space 12800K, 0% used [0x00000000db180000,0x00000000db180000,0x00000000dbe00000)
 ParOldGen       total 61952K, used 18362K [0x0000000080000000, 0x0000000083c80000, 0x00000000d5580000)
  object space 61952K, 29% used [0x0000000080000000,0x00000000811eea50,0x0000000083c80000)
 Metaspace       used 44272K, capacity 45292K, committed 45480K, reserved 1089536K
  class space    used 5964K, capacity 6212K, committed 6312K, reserved 1048576K
Event: 9.061 GC heap after
Heap after GC invocations=11 (full 2):
 PSYoungGen      total 107008K, used 12775K [0x00000000d5580000, 0x00000000dcb80000, 0x0000000100000000)
  eden space 94208K, 0% used [0x00000000d5580000,0x00000000d5580000,0x00000000db180000)
  from space 12800K, 99% used [0x00000000db180000,0x00000000dbdf9db8,0x00000000dbe00000)
  to   space 11264K, 0% used [0x00000000dbe00000,0x00000000dbe00000,0x00000000dc900000)
 ParOldGen       total 61952K, used 18861K [0x0000000080000000, 0x0000000083c80000, 0x00000000d5580000)
  object space 61952K, 30% used [0x0000000080000000,0x000000008126b6f0,0x0000000083c80000)
 Metaspace       used 44272K, capacity 45292K, committed 45480K, reserved 1089536K
  class space    used 5964K, capacity 6212K, committed 6312K, reserved 1048576K
}

